14:49:18,313 INFO  [org.eclipse.jetty.server.Server] jetty-8.1.9.v20130131
14:49:18,553 INFO  [/] Initializing Spring root WebApplicationContext
14:49:18,553 INFO  [org.springframework.web.context.ContextLoader] Root WebApplicationContext: initialization started
14:49:18,618 INFO  [org.springframework.web.context.support.XmlWebApplicationContext] Refreshing Root WebApplicationContext: startup date [Tue Apr 01 14:49:18 GMT+05:30 2014]; root of context hierarchy
14:49:18,657 INFO  [org.springframework.beans.factory.xml.XmlBeanDefinitionReader] Loading XML bean definitions from ServletContext resource [/WEB-INF/spring/security-app-context.xml]
14:49:18,779 INFO  [org.springframework.beans.factory.xml.XmlBeanDefinitionReader] Loading XML bean definitions from ServletContext resource [/WEB-INF/spring/persistence-config.xml]
14:49:18,842 INFO  [org.springframework.security.core.SpringSecurityCoreVersion] You are running with Spring Security Core 3.1.3.RELEASE
14:49:18,842 INFO  [org.springframework.security.config.SecurityNamespaceHandler] Spring Security 'config' module version is 3.1.3.RELEASE
14:49:18,888 INFO  [org.springframework.security.config.http.HttpSecurityBeanDefinitionParser] Checking sorted filter chain: [Root bean: class [org.springframework.security.web.context.SecurityContextPersistenceFilter]; scope=; abstract=false; lazyInit=false; autowireMode=0; dependencyCheck=0; autowireCandidate=true; primary=false; factoryBeanName=null; factoryMethodName=null; initMethodName=null; destroyMethodName=null, order = 200, Root bean: class [org.springframework.security.web.authentication.logout.LogoutFilter]; scope=; abstract=false; lazyInit=false; autowireMode=0; dependencyCheck=0; autowireCandidate=true; primary=false; factoryBeanName=null; factoryMethodName=null; initMethodName=null; destroyMethodName=null, order = 400, <org.springframework.security.web.authentication.UsernamePasswordAuthenticationFilter#0>, order = 800, Root bean: class [org.springframework.security.web.authentication.www.BasicAuthenticationFilter]; scope=; abstract=false; lazyInit=false; autowireMode=0; dependencyCheck=0; autowireCandidate=true; primary=false; factoryBeanName=null; factoryMethodName=null; initMethodName=null; destroyMethodName=null, order = 1200, Root bean: class [org.springframework.security.web.savedrequest.RequestCacheAwareFilter]; scope=; abstract=false; lazyInit=false; autowireMode=0; dependencyCheck=0; autowireCandidate=true; primary=false; factoryBeanName=null; factoryMethodName=null; initMethodName=null; destroyMethodName=null, order = 1300, Root bean: class [org.springframework.security.web.servletapi.SecurityContextHolderAwareRequestFilter]; scope=; abstract=false; lazyInit=false; autowireMode=0; dependencyCheck=0; autowireCandidate=true; primary=false; factoryBeanName=null; factoryMethodName=null; initMethodName=null; destroyMethodName=null, order = 1400, Root bean: class [org.springframework.security.web.authentication.AnonymousAuthenticationFilter]; scope=; abstract=false; lazyInit=false; autowireMode=0; dependencyCheck=0; autowireCandidate=true; primary=false; factoryBeanName=null; factoryMethodName=null; initMethodName=null; destroyMethodName=null, order = 1700, Root bean: class [org.springframework.security.web.session.SessionManagementFilter]; scope=; abstract=false; lazyInit=false; autowireMode=0; dependencyCheck=0; autowireCandidate=true; primary=false; factoryBeanName=null; factoryMethodName=null; initMethodName=null; destroyMethodName=null, order = 1800, Root bean: class [org.springframework.security.web.access.ExceptionTranslationFilter]; scope=; abstract=false; lazyInit=false; autowireMode=0; dependencyCheck=0; autowireCandidate=true; primary=false; factoryBeanName=null; factoryMethodName=null; initMethodName=null; destroyMethodName=null, order = 1900, <org.springframework.security.web.access.intercept.FilterSecurityInterceptor#0>, order = 2000]
14:49:19,021 INFO  [org.springframework.beans.factory.config.PropertyPlaceholderConfigurer] Loading properties file from class path resource [database.properties]
14:49:19,041 INFO  [org.springframework.beans.factory.support.DefaultListableBeanFactory] Pre-instantiating singletons in org.springframework.beans.factory.support.DefaultListableBeanFactory@3c2d7440: defining beans [org.springframework.context.annotation.internalConfigurationAnnotationProcessor,org.springframework.context.annotation.internalAutowiredAnnotationProcessor,org.springframework.context.annotation.internalRequiredAnnotationProcessor,org.springframework.context.annotation.internalCommonAnnotationProcessor,org.springframework.context.annotation.internalPersistenceAnnotationProcessor,propertyPlaceholderConfigurer,myDataSource,org.springframework.security.filterChains,org.springframework.security.filterChainProxy,org.springframework.security.web.PortMapperImpl#0,org.springframework.security.web.PortResolverImpl#0,org.springframework.security.config.authentication.AuthenticationManagerFactoryBean#0,org.springframework.security.authentication.ProviderManager#0,org.springframework.security.web.context.HttpSessionSecurityContextRepository#0,org.springframework.security.web.authentication.session.SessionFixationProtectionStrategy#0,org.springframework.security.web.savedrequest.HttpSessionRequestCache#0,org.springframework.security.access.vote.AffirmativeBased#0,org.springframework.security.web.access.intercept.FilterSecurityInterceptor#0,org.springframework.security.web.access.DefaultWebInvocationPrivilegeEvaluator#0,org.springframework.security.authentication.AnonymousAuthenticationProvider#0,org.springframework.security.web.authentication.www.BasicAuthenticationEntryPoint#0,org.springframework.security.web.authentication.UsernamePasswordAuthenticationFilter#0,org.springframework.security.userDetailsServiceFactory,org.springframework.security.web.DefaultSecurityFilterChain#0,org.springframework.security.provisioning.JdbcUserDetailsManager#0,org.springframework.security.authentication.dao.DaoAuthenticationProvider#0,org.springframework.security.authentication.DefaultAuthenticationEventPublisher#0,org.springframework.security.authenticationManager,org.springframework.context.annotation.ConfigurationClassPostProcessor.importAwareProcessor]; root of factory hierarchy
14:49:19,062 INFO  [org.springframework.jdbc.datasource.DriverManagerDataSource] Loaded JDBC driver: org.postgresql.Driver
14:49:19,182 INFO  [org.springframework.security.provisioning.JdbcUserDetailsManager] No authentication manager set. Reauthentication of users when changing passwords will not be performed.
14:49:19,286 INFO  [org.springframework.security.web.DefaultSecurityFilterChain] Creating filter chain: org.springframework.security.web.util.AnyRequestMatcher@1, [org.springframework.security.web.context.SecurityContextPersistenceFilter@4b8bbb61, org.springframework.security.web.authentication.logout.LogoutFilter@42bb0406, org.springframework.security.web.authentication.UsernamePasswordAuthenticationFilter@4054824, org.springframework.security.web.authentication.www.BasicAuthenticationFilter@76c3358b, org.springframework.security.web.savedrequest.RequestCacheAwareFilter@9f07597, org.springframework.security.web.servletapi.SecurityContextHolderAwareRequestFilter@9b8119a, org.springframework.security.web.authentication.AnonymousAuthenticationFilter@138b9a72, org.springframework.security.web.session.SessionManagementFilter@3248bc64, org.springframework.security.web.access.ExceptionTranslationFilter@45486306, org.springframework.security.web.access.intercept.FilterSecurityInterceptor@135d4273]
14:49:19,306 INFO  [org.springframework.security.config.http.DefaultFilterChainValidator] Checking whether login URL '/login' is accessible with your configuration
14:49:19,320 INFO  [org.springframework.web.context.ContextLoader] Root WebApplicationContext: initialization completed in 767 ms
14:49:19,429 INFO  [org.eclipse.jetty.server.AbstractConnector] Started SelectChannelConnector@0.0.0.0:8080
14:50:19,903 INFO  [/] Initializing Spring FrameworkServlet 'Spring MVC Dispatcher Servlet'
14:50:19,903 INFO  [org.springframework.web.servlet.DispatcherServlet] FrameworkServlet 'Spring MVC Dispatcher Servlet': initialization started
14:50:19,905 INFO  [org.springframework.web.context.support.XmlWebApplicationContext] Refreshing WebApplicationContext for namespace 'Spring MVC Dispatcher Servlet-servlet': startup date [Tue Apr 01 14:50:19 GMT+05:30 2014]; parent: Root WebApplicationContext
14:50:19,908 INFO  [org.springframework.beans.factory.xml.XmlBeanDefinitionReader] Loading XML bean definitions from ServletContext resource [/WEB-INF/spring/app-config.xml]
14:50:20,023 INFO  [org.springframework.beans.factory.xml.XmlBeanDefinitionReader] Loading XML bean definitions from ServletContext resource [/WEB-INF/spring/security-app-context.xml]
14:50:20,059 INFO  [org.springframework.beans.factory.xml.XmlBeanDefinitionReader] Loading XML bean definitions from ServletContext resource [/WEB-INF/spring/persistence-config.xml]
14:50:20,078 INFO  [org.springframework.security.config.SecurityNamespaceHandler] Spring Security 'config' module version is 3.1.3.RELEASE
14:50:20,082 INFO  [org.springframework.security.config.http.HttpSecurityBeanDefinitionParser] Checking sorted filter chain: [Root bean: class [org.springframework.security.web.context.SecurityContextPersistenceFilter]; scope=; abstract=false; lazyInit=false; autowireMode=0; dependencyCheck=0; autowireCandidate=true; primary=false; factoryBeanName=null; factoryMethodName=null; initMethodName=null; destroyMethodName=null, order = 200, Root bean: class [org.springframework.security.web.authentication.logout.LogoutFilter]; scope=; abstract=false; lazyInit=false; autowireMode=0; dependencyCheck=0; autowireCandidate=true; primary=false; factoryBeanName=null; factoryMethodName=null; initMethodName=null; destroyMethodName=null, order = 400, <org.springframework.security.web.authentication.UsernamePasswordAuthenticationFilter#0>, order = 800, Root bean: class [org.springframework.security.web.authentication.www.BasicAuthenticationFilter]; scope=; abstract=false; lazyInit=false; autowireMode=0; dependencyCheck=0; autowireCandidate=true; primary=false; factoryBeanName=null; factoryMethodName=null; initMethodName=null; destroyMethodName=null, order = 1200, Root bean: class [org.springframework.security.web.savedrequest.RequestCacheAwareFilter]; scope=; abstract=false; lazyInit=false; autowireMode=0; dependencyCheck=0; autowireCandidate=true; primary=false; factoryBeanName=null; factoryMethodName=null; initMethodName=null; destroyMethodName=null, order = 1300, Root bean: class [org.springframework.security.web.servletapi.SecurityContextHolderAwareRequestFilter]; scope=; abstract=false; lazyInit=false; autowireMode=0; dependencyCheck=0; autowireCandidate=true; primary=false; factoryBeanName=null; factoryMethodName=null; initMethodName=null; destroyMethodName=null, order = 1400, Root bean: class [org.springframework.security.web.authentication.AnonymousAuthenticationFilter]; scope=; abstract=false; lazyInit=false; autowireMode=0; dependencyCheck=0; autowireCandidate=true; primary=false; factoryBeanName=null; factoryMethodName=null; initMethodName=null; destroyMethodName=null, order = 1700, Root bean: class [org.springframework.security.web.session.SessionManagementFilter]; scope=; abstract=false; lazyInit=false; autowireMode=0; dependencyCheck=0; autowireCandidate=true; primary=false; factoryBeanName=null; factoryMethodName=null; initMethodName=null; destroyMethodName=null, order = 1800, Root bean: class [org.springframework.security.web.access.ExceptionTranslationFilter]; scope=; abstract=false; lazyInit=false; autowireMode=0; dependencyCheck=0; autowireCandidate=true; primary=false; factoryBeanName=null; factoryMethodName=null; initMethodName=null; destroyMethodName=null, order = 1900, <org.springframework.security.web.access.intercept.FilterSecurityInterceptor#0>, order = 2000]
14:50:20,084 INFO  [org.springframework.beans.factory.xml.XmlBeanDefinitionReader] Loading XML bean definitions from ServletContext resource [/WEB-INF/spring/persistence-config.xml]
14:50:20,118 INFO  [org.springframework.beans.factory.support.DefaultListableBeanFactory] Overriding bean definition for bean 'propertyPlaceholderConfigurer': replacing [Generic bean: class [org.springframework.beans.factory.config.PropertyPlaceholderConfigurer]; scope=; abstract=false; lazyInit=false; autowireMode=0; dependencyCheck=0; autowireCandidate=true; primary=false; factoryBeanName=null; factoryMethodName=null; initMethodName=null; destroyMethodName=null; defined in ServletContext resource [/WEB-INF/spring/persistence-config.xml]] with [Generic bean: class [org.springframework.beans.factory.config.PropertyPlaceholderConfigurer]; scope=; abstract=false; lazyInit=false; autowireMode=0; dependencyCheck=0; autowireCandidate=true; primary=false; factoryBeanName=null; factoryMethodName=null; initMethodName=null; destroyMethodName=null; defined in ServletContext resource [/WEB-INF/spring/persistence-config.xml]]
14:50:20,119 INFO  [org.springframework.beans.factory.support.DefaultListableBeanFactory] Overriding bean definition for bean 'myDataSource': replacing [Generic bean: class [org.springframework.jdbc.datasource.DriverManagerDataSource]; scope=; abstract=false; lazyInit=false; autowireMode=0; dependencyCheck=0; autowireCandidate=true; primary=false; factoryBeanName=null; factoryMethodName=null; initMethodName=null; destroyMethodName=null; defined in ServletContext resource [/WEB-INF/spring/persistence-config.xml]] with [Generic bean: class [org.springframework.jdbc.datasource.DriverManagerDataSource]; scope=; abstract=false; lazyInit=false; autowireMode=0; dependencyCheck=0; autowireCandidate=true; primary=false; factoryBeanName=null; factoryMethodName=null; initMethodName=null; destroyMethodName=null; defined in ServletContext resource [/WEB-INF/spring/persistence-config.xml]]
14:50:20,119 INFO  [org.springframework.beans.factory.xml.XmlBeanDefinitionReader] Loading XML bean definitions from ServletContext resource [/WEB-INF/spring/mvc-config.xml]
14:50:20,246 INFO  [org.springframework.beans.factory.config.PropertyPlaceholderConfigurer] Loading properties file from class path resource [database.properties]
14:50:20,276 INFO  [org.springframework.beans.factory.support.DefaultListableBeanFactory] Pre-instantiating singletons in org.springframework.beans.factory.support.DefaultListableBeanFactory@54c6a3a0: defining beans [accountService,countryService,itemService,reserveOrderService,surveyService,taxCalculatorService,accountValidation,itemValidation,passwordValidator,accountController,adminController,homeController,itemController,loginController,reserveController,surveyController,userProfileController,org.springframework.context.annotation.internalConfigurationAnnotationProcessor,org.springframework.context.annotation.internalAutowiredAnnotationProcessor,org.springframework.context.annotation.internalRequiredAnnotationProcessor,org.springframework.context.annotation.internalCommonAnnotationProcessor,org.springframework.context.annotation.internalPersistenceAnnotationProcessor,validator,propertyPlaceholderConfigurer,myDataSource,org.springframework.security.filterChains,org.springframework.security.filterChainProxy,org.springframework.security.web.PortMapperImpl#0,org.springframework.security.web.PortResolverImpl#0,org.springframework.security.config.authentication.AuthenticationManagerFactoryBean#0,org.springframework.security.authentication.ProviderManager#0,org.springframework.security.web.context.HttpSessionSecurityContextRepository#0,org.springframework.security.web.authentication.session.SessionFixationProtectionStrategy#0,org.springframework.security.web.savedrequest.HttpSessionRequestCache#0,org.springframework.security.access.vote.AffirmativeBased#0,org.springframework.security.web.access.intercept.FilterSecurityInterceptor#0,org.springframework.security.web.access.DefaultWebInvocationPrivilegeEvaluator#0,org.springframework.security.authentication.AnonymousAuthenticationProvider#0,org.springframework.security.web.authentication.www.BasicAuthenticationEntryPoint#0,org.springframework.security.web.authentication.UsernamePasswordAuthenticationFilter#0,org.springframework.security.userDetailsServiceFactory,org.springframework.security.web.DefaultSecurityFilterChain#0,org.springframework.security.provisioning.JdbcUserDetailsManager#0,org.springframework.security.authentication.dao.DaoAuthenticationProvider#0,org.springframework.security.authentication.DefaultAuthenticationEventPublisher#0,org.springframework.security.authenticationManager,mvcContentNegotiationManager,org.springframework.web.servlet.mvc.method.annotation.RequestMappingHandlerMapping#0,org.springframework.format.support.FormattingConversionServiceFactoryBean#0,org.springframework.validation.beanvalidation.LocalValidatorFactoryBean#0,org.springframework.web.servlet.mvc.method.annotation.RequestMappingHandlerAdapter#0,org.springframework.web.servlet.handler.MappedInterceptor#0,org.springframework.web.servlet.mvc.method.annotation.ExceptionHandlerExceptionResolver#0,org.springframework.web.servlet.mvc.annotation.ResponseStatusExceptionResolver#0,org.springframework.web.servlet.mvc.support.DefaultHandlerExceptionResolver#0,org.springframework.web.servlet.handler.BeanNameUrlHandlerMapping,org.springframework.web.servlet.mvc.HttpRequestHandlerAdapter,org.springframework.web.servlet.mvc.SimpleControllerHandlerAdapter,org.springframework.web.servlet.config.viewControllerHandlerMapping,org.springframework.web.servlet.resource.ResourceHttpRequestHandler#0,org.springframework.web.servlet.handler.SimpleUrlHandlerMapping#0,org.springframework.web.servlet.resource.ResourceHttpRequestHandler#1,org.springframework.web.servlet.handler.SimpleUrlHandlerMapping#1,org.springframework.web.servlet.resource.ResourceHttpRequestHandler#2,org.springframework.web.servlet.handler.SimpleUrlHandlerMapping#2,org.springframework.web.servlet.resource.ResourceHttpRequestHandler#3,org.springframework.web.servlet.handler.SimpleUrlHandlerMapping#3,org.springframework.web.servlet.resource.ResourceHttpRequestHandler#4,org.springframework.web.servlet.handler.SimpleUrlHandlerMapping#4,org.springframework.web.servlet.view.InternalResourceViewResolver#0,org.springframework.context.annotation.ConfigurationClassPostProcessor.importAwareProcessor]; parent: org.springframework.beans.factory.support.DefaultListableBeanFactory@3c2d7440
14:50:20,381 DEBUG [org.apache.ibatis.logging.LogFactory] Logging initialized using 'class org.apache.ibatis.logging.slf4j.Slf4jImpl' adapter.
14:50:20,550 INFO  [org.hibernate.validator.util.Version] Hibernate Validator 4.2.0.Final
14:50:20,579 INFO  [org.springframework.jdbc.datasource.DriverManagerDataSource] Loaded JDBC driver: org.postgresql.Driver
14:50:20,603 INFO  [org.springframework.security.provisioning.JdbcUserDetailsManager] No authentication manager set. Reauthentication of users when changing passwords will not be performed.
14:50:20,635 INFO  [org.springframework.security.web.DefaultSecurityFilterChain] Creating filter chain: org.springframework.security.web.util.AnyRequestMatcher@1, [org.springframework.security.web.context.SecurityContextPersistenceFilter@6dca1837, org.springframework.security.web.authentication.logout.LogoutFilter@6efbfb30, org.springframework.security.web.authentication.UsernamePasswordAuthenticationFilter@6128453c, org.springframework.security.web.authentication.www.BasicAuthenticationFilter@1ad997f9, org.springframework.security.web.savedrequest.RequestCacheAwareFilter@43886a34, org.springframework.security.web.servletapi.SecurityContextHolderAwareRequestFilter@30f49e8f, org.springframework.security.web.authentication.AnonymousAuthenticationFilter@bd5d765, org.springframework.security.web.session.SessionManagementFilter@4302df5, org.springframework.security.web.access.ExceptionTranslationFilter@771931f8, org.springframework.security.web.access.intercept.FilterSecurityInterceptor@171fcdde]
14:50:20,639 INFO  [org.springframework.security.config.http.DefaultFilterChainValidator] Checking whether login URL '/login' is accessible with your configuration
14:50:20,680 INFO  [org.springframework.web.servlet.mvc.method.annotation.RequestMappingHandlerMapping] Mapped "{[/account/create],methods=[GET],params=[],headers=[],consumes=[],produces=[],custom=[]}" onto public org.springframework.web.servlet.ModelAndView com.trailblazers.freewheelers.web.AccountController.createAccountForm(org.springframework.ui.ModelMap)
14:50:20,680 INFO  [org.springframework.web.servlet.mvc.method.annotation.RequestMappingHandlerMapping] Mapped "{[/account/create],methods=[POST],params=[],headers=[],consumes=[],produces=[],custom=[]}" onto public org.springframework.web.servlet.ModelAndView com.trailblazers.freewheelers.web.AccountController.generateCreateAccountForm(javax.servlet.http.HttpServletRequest) throws java.io.IOException
14:50:20,682 INFO  [org.springframework.web.servlet.mvc.method.annotation.RequestMappingHandlerMapping] Mapped "{[/admin],methods=[GET],params=[],headers=[],consumes=[],produces=[],custom=[]}" onto public void com.trailblazers.freewheelers.web.AdminController.get(org.springframework.ui.Model)
14:50:20,682 INFO  [org.springframework.web.servlet.mvc.method.annotation.RequestMappingHandlerMapping] Mapped "{[/admin],methods=[POST],params=[save=Save Changes],headers=[],consumes=[],produces=[],custom=[]}" onto public void com.trailblazers.freewheelers.web.AdminController.updateOrder(org.springframework.ui.Model,java.lang.String,java.lang.String,java.lang.String)
14:50:20,683 INFO  [org.springframework.web.servlet.mvc.method.annotation.RequestMappingHandlerMapping] Mapped "{[/],methods=[GET],params=[],headers=[],consumes=[],produces=[],custom=[]}" onto public java.lang.String com.trailblazers.freewheelers.web.HomeController.get(org.springframework.ui.Model,com.trailblazers.freewheelers.model.Item)
14:50:20,684 INFO  [org.springframework.web.servlet.mvc.method.annotation.RequestMappingHandlerMapping] Mapped "{[/item],methods=[GET],params=[],headers=[],consumes=[],produces=[],custom=[]}" onto public java.lang.String com.trailblazers.freewheelers.web.ItemController.get(org.springframework.ui.Model,com.trailblazers.freewheelers.model.Item)
14:50:20,684 INFO  [org.springframework.web.servlet.mvc.method.annotation.RequestMappingHandlerMapping] Mapped "{[/item],methods=[POST],params=[],headers=[],consumes=[],produces=[],custom=[]}" onto public java.lang.String com.trailblazers.freewheelers.web.ItemController.post(org.springframework.ui.Model,com.trailblazers.freewheelers.model.Item)
14:50:20,685 INFO  [org.springframework.web.servlet.mvc.method.annotation.RequestMappingHandlerMapping] Mapped "{[/item],methods=[POST],params=[update=Update all enabled items],headers=[],consumes=[],produces=[],custom=[]}" onto public java.lang.String com.trailblazers.freewheelers.web.ItemController.updateItem(com.trailblazers.freewheelers.web.ItemGrid)
14:50:20,685 INFO  [org.springframework.web.servlet.mvc.method.annotation.RequestMappingHandlerMapping] Mapped "{[/item],methods=[POST],params=[delete=Delete all enabled items],headers=[],consumes=[],produces=[],custom=[]}" onto public java.lang.String com.trailblazers.freewheelers.web.ItemController.deleteItem(com.trailblazers.freewheelers.web.ItemGrid)
14:50:20,686 INFO  [org.springframework.web.servlet.mvc.method.annotation.RequestMappingHandlerMapping] Mapped "{[/login],methods=[GET],params=[],headers=[],consumes=[],produces=[],custom=[]}" onto public java.lang.String com.trailblazers.freewheelers.web.LoginController.login(org.springframework.ui.Model)
14:50:20,686 INFO  [org.springframework.web.servlet.mvc.method.annotation.RequestMappingHandlerMapping] Mapped "{[/logout],methods=[GET],params=[],headers=[],consumes=[],produces=[],custom=[]}" onto public java.lang.String com.trailblazers.freewheelers.web.LoginController.logout(org.springframework.ui.Model)
14:50:20,686 INFO  [org.springframework.web.servlet.mvc.method.annotation.RequestMappingHandlerMapping] Mapped "{[/loginfailed],methods=[GET],params=[],headers=[],consumes=[],produces=[],custom=[]}" onto public java.lang.String com.trailblazers.freewheelers.web.LoginController.loginerror(org.springframework.ui.Model)
14:50:20,686 INFO  [org.springframework.web.servlet.mvc.method.annotation.RequestMappingHandlerMapping] Mapped "{[/403],methods=[],params=[],headers=[],consumes=[],produces=[],custom=[]}" onto public java.lang.String com.trailblazers.freewheelers.web.LoginController.accessDenied()
14:50:20,687 INFO  [org.springframework.web.servlet.mvc.method.annotation.RequestMappingHandlerMapping] Mapped "{[/shoppingCart],methods=[POST],params=[shoppingCart=Reserve Item],headers=[],consumes=[],produces=[],custom=[]}" onto public java.lang.String com.trailblazers.freewheelers.web.ReserveController.navigateToShoppingCart(org.springframework.ui.Model,java.security.Principal,com.trailblazers.freewheelers.model.Item)
14:50:20,688 INFO  [org.springframework.web.servlet.mvc.method.annotation.RequestMappingHandlerMapping] Mapped "{[/shoppingCart/confirm],methods=[POST],params=[shoppingCart=Buy Item],headers=[],consumes=[],produces=[],custom=[]}" onto public java.lang.String com.trailblazers.freewheelers.web.ReserveController.navigateToConfirmationPage(org.springframework.ui.Model,java.security.Principal,com.trailblazers.freewheelers.model.ShoppingCartItem,java.lang.String,java.lang.String)
14:50:20,688 INFO  [org.springframework.web.servlet.mvc.method.annotation.RequestMappingHandlerMapping] Mapped "{[/shoppingCart/buy],methods=[POST],params=[],headers=[],consumes=[],produces=[],custom=[]}" onto public org.springframework.web.servlet.view.RedirectView com.trailblazers.freewheelers.web.ReserveController.addToReserveItem(org.springframework.ui.Model,java.security.Principal,javax.servlet.http.HttpServletRequest)
14:50:20,689 INFO  [org.springframework.web.servlet.mvc.method.annotation.RequestMappingHandlerMapping] Mapped "{[/survey],methods=[GET],params=[],headers=[],consumes=[],produces=[],custom=[]}" onto public java.lang.String com.trailblazers.freewheelers.web.SurveyController.get(javax.servlet.http.HttpServletResponse)
14:50:20,689 INFO  [org.springframework.web.servlet.mvc.method.annotation.RequestMappingHandlerMapping] Mapped "{[/survey],methods=[POST],params=[],headers=[],consumes=[],produces=[],custom=[]}" onto public org.springframework.web.servlet.ModelAndView com.trailblazers.freewheelers.web.SurveyController.post(java.security.Principal,com.trailblazers.freewheelers.web.forms.SurveyEntryForm,org.springframework.validation.BindingResult)
14:50:20,690 INFO  [org.springframework.web.servlet.mvc.method.annotation.RequestMappingHandlerMapping] Mapped "{[/survey/report],methods=[GET],params=[],headers=[],consumes=[],produces=[],custom=[]}" onto public org.springframework.web.servlet.ModelAndView com.trailblazers.freewheelers.web.SurveyController.getReport()
14:50:20,690 INFO  [org.springframework.web.servlet.mvc.method.annotation.RequestMappingHandlerMapping] Mapped "{[/userProfile/{userName:.*}],methods=[GET],params=[],headers=[],consumes=[],produces=[],custom=[]}" onto public java.lang.String com.trailblazers.freewheelers.web.UserProfileController.get(java.lang.String,org.springframework.ui.Model,java.security.Principal)
14:50:20,691 INFO  [org.springframework.web.servlet.mvc.method.annotation.RequestMappingHandlerMapping] Mapped "{[/userProfile],methods=[GET],params=[],headers=[],consumes=[],produces=[],custom=[]}" onto public java.lang.String com.trailblazers.freewheelers.web.UserProfileController.get(org.springframework.ui.Model,java.security.Principal)
14:50:20,863 INFO  [org.springframework.web.servlet.handler.SimpleUrlHandlerMapping] Root mapping to handler of type [class org.springframework.web.servlet.mvc.ParameterizableViewController]
14:50:20,870 INFO  [org.springframework.web.servlet.handler.SimpleUrlHandlerMapping] Mapped URL path [/scripts/**] onto handler 'org.springframework.web.servlet.resource.ResourceHttpRequestHandler#0'
14:50:20,871 INFO  [org.springframework.web.servlet.handler.SimpleUrlHandlerMapping] Mapped URL path [/styles/**] onto handler 'org.springframework.web.servlet.resource.ResourceHttpRequestHandler#1'
14:50:20,872 INFO  [org.springframework.web.servlet.handler.SimpleUrlHandlerMapping] Mapped URL path [/images/**] onto handler 'org.springframework.web.servlet.resource.ResourceHttpRequestHandler#2'
14:50:20,873 INFO  [org.springframework.web.servlet.handler.SimpleUrlHandlerMapping] Mapped URL path [/humans.txt] onto handler 'org.springframework.web.servlet.resource.ResourceHttpRequestHandler#3'
14:50:20,874 INFO  [org.springframework.web.servlet.handler.SimpleUrlHandlerMapping] Mapped URL path [/favicon.ico] onto handler 'org.springframework.web.servlet.resource.ResourceHttpRequestHandler#4'
14:50:20,905 INFO  [org.springframework.web.servlet.DispatcherServlet] FrameworkServlet 'Spring MVC Dispatcher Servlet': initialization completed in 1002 ms
14:50:42,015 DEBUG [org.apache.ibatis.transaction.jdbc.JdbcTransaction] Openning JDBC Connection
14:50:42,046 DEBUG [com.trailblazers.freewheelers.mappers.ItemMapper.findAvailable] ooo Using Connection [org.postgresql.jdbc4.Jdbc4Connection@163f47e]
14:50:42,052 DEBUG [com.trailblazers.freewheelers.mappers.ItemMapper.findAvailable] ==>  Preparing: SELECT item_id, name, price, type, quantity, description FROM item WHERE quantity > 0 
14:50:42,081 DEBUG [com.trailblazers.freewheelers.mappers.ItemMapper.findAvailable] ==> Parameters: 
14:50:50,462 DEBUG [org.apache.ibatis.transaction.jdbc.JdbcTransaction] Openning JDBC Connection
14:50:50,466 DEBUG [com.trailblazers.freewheelers.mappers.ReserveOrderMapper.findAll] ooo Using Connection [org.postgresql.jdbc4.Jdbc4Connection@2ef2a026]
14:50:50,466 DEBUG [com.trailblazers.freewheelers.mappers.ReserveOrderMapper.findAll] ==>  Preparing: SELECT order_id, account_id, item_id, status, note, reservation_timestamp FROM reserve_order ORDER BY account_id 
14:50:50,466 DEBUG [com.trailblazers.freewheelers.mappers.ReserveOrderMapper.findAll] ==> Parameters: 
14:50:50,472 DEBUG [org.apache.ibatis.transaction.jdbc.JdbcTransaction] Openning JDBC Connection
14:50:50,476 DEBUG [com.trailblazers.freewheelers.mappers.AccountMapper.getById] ooo Using Connection [org.postgresql.jdbc4.Jdbc4Connection@3cdd197d]
14:50:50,476 DEBUG [com.trailblazers.freewheelers.mappers.AccountMapper.getById] ==>  Preparing: SELECT account_id, account_name, email_address, password, phone_number, enabled, country_id FROM account WHERE account_id = ? 
14:50:50,476 DEBUG [com.trailblazers.freewheelers.mappers.AccountMapper.getById] ==> Parameters: 6(Long)
14:50:50,479 DEBUG [com.trailblazers.freewheelers.mappers.ItemMapper.get] ooo Using Connection [org.postgresql.jdbc4.Jdbc4Connection@163f47e]
14:50:50,479 DEBUG [com.trailblazers.freewheelers.mappers.ItemMapper.get] ==>  Preparing: SELECT item_id as itemId, description, name, price, type, quantity FROM item WHERE item_id = ? 
14:50:50,479 DEBUG [com.trailblazers.freewheelers.mappers.ItemMapper.get] ==> Parameters: 13(Long)
14:50:50,480 DEBUG [com.trailblazers.freewheelers.mappers.ItemMapper.get] ooo Using Connection [org.postgresql.jdbc4.Jdbc4Connection@163f47e]
14:50:50,481 DEBUG [com.trailblazers.freewheelers.mappers.ItemMapper.get] ==>  Preparing: SELECT item_id as itemId, description, name, price, type, quantity FROM item WHERE item_id = ? 
14:50:50,481 DEBUG [com.trailblazers.freewheelers.mappers.ItemMapper.get] ==> Parameters: 6(Long)
14:50:50,482 DEBUG [com.trailblazers.freewheelers.mappers.ItemMapper.get] ooo Using Connection [org.postgresql.jdbc4.Jdbc4Connection@163f47e]
14:50:50,482 DEBUG [com.trailblazers.freewheelers.mappers.ItemMapper.get] ==>  Preparing: SELECT item_id as itemId, description, name, price, type, quantity FROM item WHERE item_id = ? 
14:50:50,482 DEBUG [com.trailblazers.freewheelers.mappers.ItemMapper.get] ==> Parameters: 11(Long)
14:50:50,483 DEBUG [com.trailblazers.freewheelers.mappers.ItemMapper.get] ooo Using Connection [org.postgresql.jdbc4.Jdbc4Connection@163f47e]
14:50:50,483 DEBUG [com.trailblazers.freewheelers.mappers.ItemMapper.get] ==>  Preparing: SELECT item_id as itemId, description, name, price, type, quantity FROM item WHERE item_id = ? 
14:50:50,483 DEBUG [com.trailblazers.freewheelers.mappers.ItemMapper.get] ==> Parameters: 12(Long)
14:50:50,484 DEBUG [com.trailblazers.freewheelers.mappers.AccountMapper.getById] ooo Using Connection [org.postgresql.jdbc4.Jdbc4Connection@3cdd197d]
14:50:50,484 DEBUG [com.trailblazers.freewheelers.mappers.AccountMapper.getById] ==>  Preparing: SELECT account_id, account_name, email_address, password, phone_number, enabled, country_id FROM account WHERE account_id = ? 
14:50:50,484 DEBUG [com.trailblazers.freewheelers.mappers.AccountMapper.getById] ==> Parameters: 7(Long)
14:50:50,485 DEBUG [com.trailblazers.freewheelers.mappers.ItemMapper.get] ooo Using Connection [org.postgresql.jdbc4.Jdbc4Connection@163f47e]
14:50:50,485 DEBUG [com.trailblazers.freewheelers.mappers.ItemMapper.get] ==>  Preparing: SELECT item_id as itemId, description, name, price, type, quantity FROM item WHERE item_id = ? 
14:50:50,485 DEBUG [com.trailblazers.freewheelers.mappers.ItemMapper.get] ==> Parameters: 8(Long)
14:50:50,486 DEBUG [com.trailblazers.freewheelers.mappers.ItemMapper.get] ooo Using Connection [org.postgresql.jdbc4.Jdbc4Connection@163f47e]
14:50:50,486 DEBUG [com.trailblazers.freewheelers.mappers.ItemMapper.get] ==>  Preparing: SELECT item_id as itemId, description, name, price, type, quantity FROM item WHERE item_id = ? 
14:50:50,486 DEBUG [com.trailblazers.freewheelers.mappers.ItemMapper.get] ==> Parameters: 10(Long)
14:50:50,487 DEBUG [com.trailblazers.freewheelers.mappers.AccountMapper.getById] ooo Using Connection [org.postgresql.jdbc4.Jdbc4Connection@3cdd197d]
14:50:50,487 DEBUG [com.trailblazers.freewheelers.mappers.AccountMapper.getById] ==>  Preparing: SELECT account_id, account_name, email_address, password, phone_number, enabled, country_id FROM account WHERE account_id = ? 
14:50:50,487 DEBUG [com.trailblazers.freewheelers.mappers.AccountMapper.getById] ==> Parameters: 8(Long)
14:50:50,488 DEBUG [com.trailblazers.freewheelers.mappers.ItemMapper.get] ooo Using Connection [org.postgresql.jdbc4.Jdbc4Connection@163f47e]
14:50:50,488 DEBUG [com.trailblazers.freewheelers.mappers.ItemMapper.get] ==>  Preparing: SELECT item_id as itemId, description, name, price, type, quantity FROM item WHERE item_id = ? 
14:50:50,488 DEBUG [com.trailblazers.freewheelers.mappers.ItemMapper.get] ==> Parameters: 7(Long)
14:50:50,490 DEBUG [com.trailblazers.freewheelers.mappers.AccountMapper.getById] ooo Using Connection [org.postgresql.jdbc4.Jdbc4Connection@3cdd197d]
14:50:50,490 DEBUG [com.trailblazers.freewheelers.mappers.AccountMapper.getById] ==>  Preparing: SELECT account_id, account_name, email_address, password, phone_number, enabled, country_id FROM account WHERE account_id = ? 
14:50:50,490 DEBUG [com.trailblazers.freewheelers.mappers.AccountMapper.getById] ==> Parameters: 33(Long)
14:50:50,491 DEBUG [com.trailblazers.freewheelers.mappers.ItemMapper.get] ooo Using Connection [org.postgresql.jdbc4.Jdbc4Connection@163f47e]
14:50:50,492 DEBUG [com.trailblazers.freewheelers.mappers.ItemMapper.get] ==>  Preparing: SELECT item_id as itemId, description, name, price, type, quantity FROM item WHERE item_id = ? 
14:50:50,492 DEBUG [com.trailblazers.freewheelers.mappers.ItemMapper.get] ==> Parameters: 27(Long)
14:51:01,572 DEBUG [com.trailblazers.freewheelers.mappers.AccountMapper.getByName] ooo Using Connection [org.postgresql.jdbc4.Jdbc4Connection@3cdd197d]
14:51:01,572 DEBUG [com.trailblazers.freewheelers.mappers.AccountMapper.getByName] ==>  Preparing: SELECT account_id, account_name, email_address, password, phone_number, enabled, country_id FROM account WHERE account_name = ? LIMIT 1 
14:51:01,573 DEBUG [com.trailblazers.freewheelers.mappers.AccountMapper.getByName] ==> Parameters: Michael Stipe(String)
14:51:01,575 DEBUG [com.trailblazers.freewheelers.mappers.ReserveOrderMapper.findAllFor] ooo Using Connection [org.postgresql.jdbc4.Jdbc4Connection@2ef2a026]
14:51:01,575 DEBUG [com.trailblazers.freewheelers.mappers.ReserveOrderMapper.findAllFor] ==>  Preparing: SELECT order_id, account_id, item_id, status, note, reservation_timestamp FROM reserve_order WHERE account_id=? 
14:51:01,576 DEBUG [com.trailblazers.freewheelers.mappers.ReserveOrderMapper.findAllFor] ==> Parameters: 6(Long)
14:51:01,580 DEBUG [org.apache.ibatis.transaction.jdbc.JdbcTransaction] Openning JDBC Connection
14:51:01,583 DEBUG [com.trailblazers.freewheelers.mappers.CountryMapper.getById] ooo Using Connection [org.postgresql.jdbc4.Jdbc4Connection@7f2b86b2]
14:51:01,583 DEBUG [com.trailblazers.freewheelers.mappers.CountryMapper.getById] ==>  Preparing: SELECT country_id, country_name FROM country WHERE country_id = ? 
14:51:01,583 DEBUG [com.trailblazers.freewheelers.mappers.CountryMapper.getById] ==> Parameters: 0(Long)
14:51:16,341 DEBUG [com.trailblazers.freewheelers.mappers.AccountMapper.getByName] ooo Using Connection [org.postgresql.jdbc4.Jdbc4Connection@3cdd197d]
14:51:16,341 DEBUG [com.trailblazers.freewheelers.mappers.AccountMapper.getByName] ==>  Preparing: SELECT account_id, account_name, email_address, password, phone_number, enabled, country_id FROM account WHERE account_name = ? LIMIT 1 
14:51:16,342 DEBUG [com.trailblazers.freewheelers.mappers.AccountMapper.getByName] ==> Parameters: Peter Buck(String)
14:51:16,343 DEBUG [com.trailblazers.freewheelers.mappers.ReserveOrderMapper.findAllFor] ooo Using Connection [org.postgresql.jdbc4.Jdbc4Connection@2ef2a026]
14:51:16,343 DEBUG [com.trailblazers.freewheelers.mappers.ReserveOrderMapper.findAllFor] ==>  Preparing: SELECT order_id, account_id, item_id, status, note, reservation_timestamp FROM reserve_order WHERE account_id=? 
14:51:16,343 DEBUG [com.trailblazers.freewheelers.mappers.ReserveOrderMapper.findAllFor] ==> Parameters: 8(Long)
14:52:42,919 DEBUG [com.trailblazers.freewheelers.mappers.ItemMapper.findAvailable] ooo Using Connection [org.postgresql.jdbc4.Jdbc4Connection@163f47e]
14:52:42,919 DEBUG [com.trailblazers.freewheelers.mappers.ItemMapper.findAvailable] ==>  Preparing: SELECT item_id, name, price, type, quantity, description FROM item WHERE quantity > 0 
14:52:42,919 DEBUG [com.trailblazers.freewheelers.mappers.ItemMapper.findAvailable] ==> Parameters: 
14:52:52,854 DEBUG [com.trailblazers.freewheelers.mappers.AccountMapper.getByName] ooo Using Connection [org.postgresql.jdbc4.Jdbc4Connection@3cdd197d]
14:52:52,854 DEBUG [com.trailblazers.freewheelers.mappers.AccountMapper.getByName] ==>  Preparing: SELECT account_id, account_name, email_address, password, phone_number, enabled, country_id FROM account WHERE account_name = ? LIMIT 1 
14:52:52,854 DEBUG [com.trailblazers.freewheelers.mappers.AccountMapper.getByName] ==> Parameters: UserCat(String)
14:52:52,855 DEBUG [com.trailblazers.freewheelers.mappers.ReserveOrderMapper.findAllFor] ooo Using Connection [org.postgresql.jdbc4.Jdbc4Connection@2ef2a026]
14:52:52,855 DEBUG [com.trailblazers.freewheelers.mappers.ReserveOrderMapper.findAllFor] ==>  Preparing: SELECT order_id, account_id, item_id, status, note, reservation_timestamp FROM reserve_order WHERE account_id=? 
14:52:52,856 DEBUG [com.trailblazers.freewheelers.mappers.ReserveOrderMapper.findAllFor] ==> Parameters: 2(Long)
